Y=[ 1.  1. -1. -1. -1. -1. -1.  1.  1.  1.  1. -1.  1.  1.  1. -1. -1. -1.
  1.  1.  1. -1. -1. -1. -1. -1.  1. -1.  1.  1. -1.  1.  1. -1. -1. -1.
 -1. -1. -1. -1.  1. -1.  1. -1.  1.  1.  1.  1.  1.  1. -1.  1.  1. -1.
  1. -1. -1.  1.  1.  1.  1.  1.  1. -1.  1.  1. -1.  1.  1. -1.  1. -1.
  1.  1. -1.  1. -1.  1.  1.  1.  1.  1.  1.  1. -1. -1. -1. -1.  1. -1.
  1.  1.  1.  1. -1.  1. -1. -1. -1.  1.]
X=[[ 0.16733762]
 [ 0.01716556]
 [ 0.15181736]
 [ 0.0088509 ]
 [ 0.07748239]
 [-0.13321167]
 [-0.02008009]
 [ 0.08163272]
 [ 0.26205689]
 [-0.06374374]
 [ 0.03172744]
 [ 0.09957909]
 [-0.13576475]
 [-0.05069199]
 [ 0.07942759]
 [-0.05741838]
 [-0.13752529]
 [-0.15491913]
 [ 0.16572196]
 [ 0.15115577]
 [ 0.04343399]
 [ 0.0653622 ]
 [-0.0738539 ]
 [ 0.03334471]
 [ 0.05979538]
 [-0.10832057]
 [-0.05090661]
 [-0.11096582]
 [ 0.11261381]
 [ 0.03153811]
 [ 0.0064508 ]
 [ 0.04119872]
 [ 0.08678829]
 [-0.21624759]
 [ 0.1084955 ]
 [-0.20121923]
 [-0.08475774]
 [-0.10385388]
 [ 0.06221121]
 [ 0.0787127 ]
 [-0.09403148]
 [ 0.15642307]
 [-0.02961113]
 [-0.14534054]
 [-0.0338921 ]
 [ 0.05377172]
 [-0.01091295]
 [-0.0832548 ]
 [-0.02611778]
 [ 0.04688166]
 [-0.13356515]
 [ 0.07132695]
 [ 0.05470812]
 [-0.02523778]
 [-0.12634456]
 [-0.0111964 ]
 [ 0.01868063]
 [-0.0373485 ]
 [-0.07496939]
 [-0.06843896]
 [ 0.04197272]
 [ 0.00467473]
 [ 0.06855574]
 [ 0.13545284]
 [ 0.12123986]
 [ 0.03408986]
 [-0.04283907]
 [ 0.09217933]
 [-0.02316488]
 [ 0.07039701]
 [ 0.04532672]
 [-0.06896295]
 [-0.13042359]
 [-0.07250666]
 [-0.11562183]
 [ 0.05540012]
 [ 0.0622176 ]
 [ 0.13364224]
 [ 0.00097191]
 [ 0.02981172]
 [-0.12944526]
 [-0.02810915]
 [-0.1996926 ]
 [ 0.02850714]
 [-0.00846503]
 [ 0.09173765]
 [-0.20112621]
 [-0.16488309]
 [ 0.12351183]
 [ 0.09728775]
 [ 0.08145653]
 [-0.02167912]
 [ 0.2113443 ]
 [-0.1234922 ]
 [ 0.0389704 ]
 [-0.03567802]
 [ 0.10639529]
 [-0.10615166]
 [-0.10435853]
 [ 0.07950556]]
precision_vec = [ 1.]
precision_mat = [[ 1.]]
A=[[ 2.         -0.16733762 -0.01716556 ..., -0.10615166 -0.10435853
  -0.07950556]
 [-0.16733762  1.          0.         ...,  0.          0.          0.        ]
 [-0.01716556  0.          1.         ...,  0.          0.          0.        ]
 ..., 
 [-0.10615166  0.          0.         ...,  1.          0.          0.        ]
 [-0.10435853  0.          0.         ...,  0.          1.          0.        ]
 [-0.07950556  0.          0.         ...,  0.          0.          1.        ]]
sorted eigen values are 
[ 0.38196601  1.          1.          1.          1.          1.          1.
  1.          1.          1.          1.          1.          1.          1.
  1.          1.          1.          1.          1.          1.          1.
  1.          1.          1.          1.          1.          1.          1.
  1.          1.          1.          1.          1.          1.          1.
  1.          1.          1.          1.          1.          1.          1.
  1.          1.          1.          1.          1.          1.          1.
  1.          1.          1.          1.          1.          1.          1.
  1.          1.          1.          1.          1.          1.          1.
  1.          1.          1.          1.          1.          1.          1.
  1.          1.          1.          1.          1.          1.          1.
  1.          1.          1.          1.          1.          1.          1.
  1.          1.          1.          1.          1.          1.          1.
  1.          1.          1.          1.          1.          1.          1.
  1.          1.          2.61803399]
The variational holder bound gives 141.753 for the initial pivot function
Warning: Maximum number of function evaluations has been exceeded.
optimized rho1 = 0.875, alpha_1 = 1.142
optimized upper bound = -63.173963 (initial = 141.752992)
w_moment = [-0.40125055]
w_moment_1 = [-0.57509171]
w_moment_2 = [ 0.81992537]
