Y=[ 1.  1. -1. -1. -1. -1. -1.  1.  1.  1.  1. -1.  1.  1.  1. -1. -1. -1.
  1.  1.  1. -1. -1. -1. -1. -1.  1. -1.  1.  1. -1.  1.  1. -1. -1. -1.
 -1. -1. -1. -1.  1. -1.  1. -1.  1.  1.  1.  1.  1.  1. -1.  1.  1. -1.
  1. -1. -1.  1.  1.  1.  1.  1.  1. -1.  1.  1. -1.  1.  1. -1.  1. -1.
  1.  1. -1.  1. -1.  1.  1.  1.  1.  1.  1.  1. -1. -1. -1. -1.  1. -1.
  1.  1.  1.  1. -1.  1. -1. -1. -1.  1.]
X=[[  1.37473513e-01  -2.66369473e-03]
 [  1.34255677e-01   1.64238371e-03]
 [  2.95716991e-02  -1.90696412e-01]
 [ -1.18254680e-01  -3.43841357e-02]
 [  9.63799122e-02  -2.42146168e-01]
 [ -1.18090813e-01  -2.94038108e-02]
 [ -1.28762216e-01  -4.34929107e-02]
 [  1.15793218e-01   8.62197614e-03]
 [  5.38484439e-02   4.93012783e-02]
 [  7.21328962e-02   7.29917250e-02]
 [  3.69314068e-02   9.45494934e-02]
 [ -1.33803553e-01  -2.48235566e-02]
 [  1.39990849e-01  -1.95727299e-02]
 [  6.98463612e-02   4.13910003e-02]
 [  1.00453414e-01   3.16913288e-02]
 [ -8.42090513e-02  -6.97418669e-02]
 [  6.41196737e-02  -2.32383701e-01]
 [  7.93466401e-02  -2.43619213e-01]
 [  5.83155118e-02   5.24561055e-02]
 [  5.13535056e-02   8.37857126e-02]
 [ -8.24980023e-02   2.11560787e-01]
 [ -3.40257711e-02  -1.36768190e-01]
 [ -1.22965316e-01  -3.41176752e-02]
 [ -4.44109286e-02  -1.21746113e-01]
 [ -1.15373984e-01  -4.17076607e-02]
 [ -1.75731914e-01   1.44450473e-02]
 [  8.67141945e-02   3.84960974e-02]
 [ -1.51770045e-01  -1.52733656e-02]
 [  9.24247540e-02   2.91864457e-02]
 [  4.53441792e-02   6.60517221e-02]
 [ -5.76112766e-02  -9.80470936e-02]
 [  1.70374052e-02   1.21634490e-01]
 [  1.03971648e-01   2.89680461e-02]
 [ -1.35848785e-01  -1.75428465e-02]
 [ -1.34253046e-01  -1.93075261e-02]
 [ -2.95372750e-02  -1.30132296e-01]
 [ -1.15330488e-01  -5.82528807e-02]
 [ -1.58199188e-01  -3.08647096e-03]
 [ -9.79956386e-02  -4.49061552e-02]
 [ -9.22594719e-02  -6.42775570e-02]
 [ -4.02543403e-03   1.14793277e-01]
 [ -2.02028746e-01   3.15167041e-02]
 [  6.20529700e-03   1.25061066e-01]
 [ -1.08471981e-01  -7.43796320e-02]
 [  6.56299408e-02   7.38716625e-02]
 [  1.08910510e-01   1.69389668e-02]
 [  2.29343016e-01  -1.02436018e-01]
 [  1.02783760e-01   2.03602186e-02]
 [  1.64584789e-01  -4.07760810e-02]
 [ -3.14749327e-02   1.53672528e-01]
 [ -1.75234135e-01   2.14926983e-02]
 [  8.70894182e-02   4.55096814e-02]
 [ -1.88291198e-01   3.01980584e-01]
 [ -4.43419559e-02  -9.13593923e-02]
 [  8.19175579e-02   3.34109229e-02]
 [ -6.88284187e-02  -8.81355429e-02]
 [ -1.17021900e-01  -4.59917587e-02]
 [  1.13274461e-01   2.03243639e-02]
 [  1.06284205e-01   9.05001508e-03]
 [  4.28067777e-02   8.57720526e-02]
 [  3.53069496e-02   8.80966423e-02]
 [ -3.85463256e-02   1.51880920e-01]
 [ -2.25704706e-02   1.51874550e-01]
 [  3.17970536e-02  -1.94752376e-01]
 [  4.35909223e-02   9.09219436e-02]
 [  1.91042164e-02   8.93630888e-02]
 [ -1.20654214e-01  -4.70747441e-02]
 [ -3.66964118e-02   1.64344555e-01]
 [  4.77123259e-02   8.26087328e-02]
 [ -3.78393374e-02  -1.03775722e-01]
 [  8.71413059e-02   3.73952477e-02]
 [ -6.96294274e-02  -9.52725251e-02]
 [  4.22642336e-02   9.14425943e-02]
 [  1.23499473e-01   7.32626240e-06]
 [ -2.54804685e-02  -1.24065208e-01]
 [  1.00733974e-01   5.19003011e-03]
 [ -5.97441034e-02  -1.00008730e-01]
 [  8.98480209e-02   3.82119322e-02]
 [  1.87164711e-02   1.09539746e-01]
 [  1.45285329e-01  -3.67487704e-02]
 [  1.00454439e-01   2.61011820e-02]
 [  1.29457763e-01  -1.05706081e-02]
 [  1.01358713e-01   2.94665785e-02]
 [  1.51633135e-01  -1.38071475e-02]
 [ -2.06013388e-01   4.91497973e-02]
 [ -5.55406192e-02  -1.13614083e-01]
 [ -1.24535252e-01  -3.22895786e-02]
 [  1.21611364e-03  -1.64821666e-01]
 [  2.05708193e-02   1.11693909e-01]
 [ -5.06671590e-02  -8.86292491e-02]
 [  4.27106969e-03   1.14611773e-01]
 [  9.32032739e-02   3.49077271e-02]
 [  1.72370003e-01  -4.19344543e-02]
 [  9.09816813e-02   3.15136558e-02]
 [ -2.85257718e-02  -1.31986225e-01]
 [ -6.62922792e-02   1.88553457e-01]
 [ -1.04360206e-01  -5.74678839e-02]
 [ -5.91351742e-02  -9.85517524e-02]
 [ -8.78876710e-02  -8.12517893e-02]
 [ -7.98834980e-02   2.10391196e-01]]
precision_vec = [ 1.  1.]
precision_mat = [[ 1.  0.]
 [ 0.  1.]]
A=[[  2.00000000e+00  -1.26461341e-14  -1.37473513e-01 ...,  -5.91351742e-02
   -8.78876710e-02   7.98834980e-02]
 [ -1.26461341e-14   2.00000000e+00   2.66369473e-03 ...,  -9.85517524e-02
   -8.12517893e-02  -2.10391196e-01]
 [ -1.37473513e-01   2.66369473e-03   1.00000000e+00 ...,   0.00000000e+00
    0.00000000e+00   0.00000000e+00]
 ..., 
 [ -5.91351742e-02  -9.85517524e-02   0.00000000e+00 ...,   1.00000000e+00
    0.00000000e+00   0.00000000e+00]
 [ -8.78876710e-02  -8.12517893e-02   0.00000000e+00 ...,   0.00000000e+00
    1.00000000e+00   0.00000000e+00]
 [  7.98834980e-02  -2.10391196e-01   0.00000000e+00 ...,   0.00000000e+00
    0.00000000e+00   1.00000000e+00]]
sorted eigen values are 
[ 0.38196601  0.38196601  1.          1.          1.          1.          1.
  1.          1.          1.          1.          1.          1.          1.
  1.          1.          1.          1.          1.          1.          1.
  1.          1.          1.          1.          1.          1.          1.
  1.          1.          1.          1.          1.          1.          1.
  1.          1.          1.          1.          1.          1.          1.
  1.          1.          1.          1.          1.          1.          1.
  1.          1.          1.          1.          1.          1.          1.
  1.          1.          1.          1.          1.          1.          1.
  1.          1.          1.          1.          1.          1.          1.
  1.          1.          1.          1.          1.          1.          1.
  1.          1.          1.          1.          1.          1.          1.
  1.          1.          1.          1.          1.          1.          1.
  1.          1.          1.          1.          1.          1.          1.
  1.          1.          2.61803399  2.61803399]
The variational holder bound gives 130.794 for the initial pivot function
Optimization terminated successfully.
         Current function value: -44.062613
         Iterations: 22
         Function evaluations: 71915
optimized rho1 = 0.758, alpha_1 = 1.319
optimized upper bound = -44.062613 (initial = 130.793982)
w_moment = [ 3.53115356  3.66834184]
w_moment_1 = [ 3.56027983  3.73006577]
w_moment_2 = [ 3.43979948  3.47474571]
