Y=[ 1.  1. -1. -1. -1. -1. -1.  1.  1.  1.  1. -1.  1.  1.  1. -1. -1. -1.
  1.  1.  1. -1. -1. -1. -1. -1.  1. -1.  1.  1. -1.  1.  1. -1. -1. -1.
 -1. -1. -1. -1.  1. -1.  1. -1.  1.  1.  1.  1.  1.  1. -1.  1.  1. -1.
  1. -1. -1.  1.  1.  1.  1.  1.  1. -1.  1.  1. -1.  1.  1. -1.  1. -1.
  1.  1. -1.  1. -1.  1.  1.  1.  1.  1.  1.  1. -1. -1. -1. -1.  1. -1.
  1.  1.  1.  1. -1.  1. -1. -1. -1.  1.]
X=[[  1.45832100e-01   7.47846888e-03]
 [  1.43723001e-01   1.30524128e-02]
 [  2.94127286e-02  -1.91767726e-01]
 [ -1.09679833e-01  -2.53918487e-02]
 [  1.11788079e-01  -2.25485865e-01]
 [ -1.04285932e-01  -1.44404198e-02]
 [ -1.40123927e-01  -5.72559383e-02]
 [  1.13599049e-01   6.72940833e-03]
 [  3.00779263e-02   2.28132596e-02]
 [  9.10255523e-02   9.52014872e-02]
 [  4.19776255e-02   1.00972501e-01]
 [ -1.31305903e-01  -2.27600090e-02]
 [  1.33715444e-01  -2.61399767e-02]
 [  5.42871428e-02   2.42679776e-02]
 [  1.06128967e-01   3.87932919e-02]
 [ -7.69926730e-02  -6.23217687e-02]
 [  5.66772895e-02  -2.41792113e-01]
 [  7.59514768e-02  -2.48416338e-01]
 [  4.22910443e-02   3.48090832e-02]
 [  6.01088196e-02   9.44344655e-02]
 [ -7.98245704e-02   2.15349136e-01]
 [ -4.39699084e-02  -1.48971760e-01]
 [ -1.18905525e-01  -3.02773595e-02]
 [ -4.96332076e-02  -1.28552200e-01]
 [ -1.11318274e-01  -3.78767324e-02]
 [ -1.75908366e-01   1.34816483e-02]
 [  8.53492852e-02   3.75684189e-02]
 [ -1.57816435e-01  -2.29534828e-02]
 [  8.73965123e-02   2.40727300e-02]
 [  2.99637393e-02   4.91480747e-02]
 [ -5.21499757e-02  -9.26473594e-02]
 [  2.94090614e-02   1.36433447e-01]
 [  1.10452911e-01   3.69877080e-02]
 [ -1.28026704e-01  -9.39904448e-03]
 [ -1.26603873e-01  -1.13621301e-02]
 [ -2.81743553e-02  -1.29429229e-01]
 [ -1.28052277e-01  -7.35770960e-02]
 [ -1.58386998e-01  -4.07375822e-03]
 [ -7.95356080e-02  -2.46404276e-02]
 [ -8.76666391e-02  -5.98477848e-02]
 [ -2.00089864e-02   9.72317969e-02]
 [ -2.11565647e-01   1.98827220e-02]
 [  1.10554511e-02   1.31279362e-01]
 [ -1.30621811e-01  -1.00472251e-01]
 [  7.88102867e-02   8.95636469e-02]
 [  1.08179532e-01   1.67212322e-02]
 [  2.29600776e-01  -1.01599909e-01]
 [  9.93064729e-02   1.70107987e-02]
 [  1.61738974e-01  -4.34430333e-02]
 [ -3.58180353e-02   1.49418218e-01]
 [ -1.67739431e-01   2.92872608e-02]
 [  9.32365143e-02   5.31583357e-02]
 [ -2.01172108e-01   2.88076207e-01]
 [ -1.85996768e-02  -6.28128335e-02]
 [  7.05091558e-02   2.10194293e-02]
 [ -6.46864731e-02  -8.42351495e-02]
 [ -1.18996145e-01  -4.90442920e-02]
 [  1.20419190e-01   2.90957207e-02]
 [  9.48641449e-02  -3.36996488e-03]
 [  4.48982152e-02   8.88178836e-02]
 [  3.21420544e-02   8.51459127e-02]
 [ -5.18954540e-02   1.37348702e-01]
 [ -1.96947329e-02   1.55856548e-01]
 [  2.97752863e-02  -1.97951859e-01]
 [  5.17149903e-02   1.00854829e-01]
 [  7.65080547e-04   6.90977987e-02]
 [ -1.27419944e-01  -5.55955230e-02]
 [ -3.54941397e-02   1.66424732e-01]
 [  5.15715828e-02   8.76698537e-02]
 [ -1.81142557e-02  -8.21031360e-02]
 [  8.50910935e-02   3.56848826e-02]
 [ -7.35575416e-02  -1.00585338e-01]
 [  4.95697469e-02   1.00441750e-01]
 [  1.20376199e-01  -2.95081524e-03]
 [ -1.38273965e-02  -1.11616251e-01]
 [  7.97504382e-02  -1.81452534e-02]
 [ -5.84441527e-02  -9.93587415e-02]
 [  9.13781411e-02   4.05875992e-02]
 [  2.04971983e-02   1.12245839e-01]
 [  1.26926022e-01  -5.71156828e-02]
 [  1.00447476e-01   2.67153321e-02]
 [  1.21633373e-01  -1.88997934e-02]
 [  1.05692118e-01   3.50356267e-02]
 [  1.63048127e-01  -1.84261264e-04]
 [ -2.01670913e-01   5.33645845e-02]
 [ -6.38026606e-02  -1.23883779e-01]
 [ -1.20211860e-01  -2.81473282e-02]
 [ -1.44479556e-03  -1.68731819e-01]
 [  2.64257092e-02   1.19050379e-01]
 [ -2.85754725e-02  -6.42466857e-02]
 [ -3.46783667e-03   1.06458159e-01]
 [  9.47828863e-02   3.73378104e-02]
 [  1.76256174e-01  -3.69202485e-02]
 [  8.68533869e-02   2.74283220e-02]
 [ -2.80200813e-02  -1.32262500e-01]
 [ -7.05457425e-02   1.84423175e-01]
 [ -1.05138162e-01  -5.91624822e-02]
 [ -5.57352329e-02  -9.55045536e-02]
 [ -9.61109945e-02  -9.14571334e-02]
 [ -7.57428856e-02   2.15853018e-01]]
precision_vec = [ 1.  1.]
precision_mat = [[ 1.  0.]
 [ 0.  1.]]
A=[[  2.00000000e+00  -4.33680869e-16  -1.45832100e-01 ...,  -5.57352329e-02
   -9.61109945e-02   7.57428856e-02]
 [ -4.33680869e-16   2.00000000e+00  -7.47846888e-03 ...,  -9.55045536e-02
   -9.14571334e-02  -2.15853018e-01]
 [ -1.45832100e-01  -7.47846888e-03   1.00000000e+00 ...,   0.00000000e+00
    0.00000000e+00   0.00000000e+00]
 ..., 
 [ -5.57352329e-02  -9.55045536e-02   0.00000000e+00 ...,   1.00000000e+00
    0.00000000e+00   0.00000000e+00]
 [ -9.61109945e-02  -9.14571334e-02   0.00000000e+00 ...,   0.00000000e+00
    1.00000000e+00   0.00000000e+00]
 [  7.57428856e-02  -2.15853018e-01   0.00000000e+00 ...,   0.00000000e+00
    0.00000000e+00   1.00000000e+00]]
sorted eigen values are 
[ 0.38196601  0.38196601  1.          1.          1.          1.          1.
  1.          1.          1.          1.          1.          1.          1.
  1.          1.          1.          1.          1.          1.          1.
  1.          1.          1.          1.          1.          1.          1.
  1.          1.          1.          1.          1.          1.          1.
  1.          1.          1.          1.          1.          1.          1.
  1.          1.          1.          1.          1.          1.          1.
  1.          1.          1.          1.          1.          1.          1.
  1.          1.          1.          1.          1.          1.          1.
  1.          1.          1.          1.          1.          1.          1.
  1.          1.          1.          1.          1.          1.          1.
  1.          1.          1.          1.          1.          1.          1.
  1.          1.          1.          1.          1.          1.          1.
  1.          1.          1.          1.          1.          1.          1.
  1.          1.          2.61803399  2.61803399]
The variational holder bound gives 130.580 for the initial pivot function
Optimization terminated successfully.
         Current function value: -44.832267
         Iterations: 24
         Function evaluations: 79228
optimized rho1 = 0.766, alpha_1 = 1.305
optimized upper bound = -44.832267 (initial = 130.579654)
w_moment = [ 3.3202994   3.58299311]
w_moment_1 = [ 3.30705495  3.63696558]
w_moment_2 = [ 3.36366691  3.40626609]
