Y=[ 1.  1. -1. -1. -1. -1. -1.  1.  1.  1.  1. -1.  1.  1.  1. -1. -1. -1.
  1.  1.  1. -1. -1. -1. -1. -1.  1. -1.  1.  1. -1.  1.  1. -1. -1. -1.
 -1. -1. -1. -1.  1. -1.  1. -1.  1.  1.  1.  1.  1.  1. -1.  1.  1. -1.
  1. -1. -1.  1.  1.  1.  1.  1.  1. -1.  1.  1. -1.  1.  1. -1.  1. -1.
  1.  1. -1.  1. -1.  1.  1.  1.  1.  1.  1.  1. -1. -1. -1. -1.  1. -1.
  1.  1.  1.  1. -1.  1. -1. -1. -1.  1.]
X=[[  1.58014952e-01   2.08712013e-02]
 [  1.61627393e-01   3.29041510e-02]
 [  6.85404042e-02  -1.47059313e-01]
 [ -2.57718863e-02   6.98276345e-02]
 [  2.31513598e-01  -8.97535779e-02]
 [  6.64744991e-03   1.11293029e-01]
 [ -1.59258614e-01  -7.83834716e-02]
 [  7.12015594e-02  -4.15107542e-02]
 [ -1.23957178e-01  -1.51495571e-01]
 [  1.57486269e-01   1.69856460e-01]
 [  3.68066283e-02   9.47376689e-02]
 [ -7.88373242e-02   3.69566696e-02]
 [  7.02863236e-02  -9.81184568e-02]
 [ -5.72800248e-02  -1.02085749e-01]
 [  1.04360232e-01   3.64211560e-02]
 [ -2.37499173e-05   2.50743917e-02]
 [  5.82512807e-02  -2.39473293e-01]
 [  9.84746227e-02  -2.22439123e-01]
 [ -7.17074814e-02  -9.42937043e-02]
 [  7.41378826e-02   1.09882888e-01]
 [ -9.75390305e-02   1.94911733e-01]
 [ -5.55554201e-02  -1.61543945e-01]
 [ -5.83392823e-02   3.85858677e-02]
 [ -3.68441316e-02  -1.13606973e-01]
 [ -5.07551538e-02   3.09855106e-02]
 [ -1.37356840e-01   5.74708085e-02]
 [  4.71679986e-02  -5.92104313e-03]
 [ -1.49539815e-01  -1.31391283e-02]
 [  3.02992750e-02  -4.07724641e-02]
 [ -8.07376102e-02  -7.62362759e-02]
 [  1.58129107e-02  -1.54108410e-02]
 [  6.20435730e-02   1.72877443e-01]
 [  1.12855827e-01   3.93268829e-02]
 [ -4.80501417e-02   8.13756965e-02]
 [ -4.75170011e-02   7.84086123e-02]
 [  1.86774807e-02  -7.60194019e-02]
 [ -1.54183088e-01  -1.02599324e-01]
 [ -1.19852675e-01   3.99018481e-02]
 [  5.54997885e-02   1.28312880e-01]
 [ -2.42733595e-02   1.22176767e-02]
 [ -1.33943612e-01  -3.18197127e-02]
 [ -2.21444409e-01   9.18135117e-03]
 [  4.79862493e-03   1.23808254e-01]
 [ -2.05453716e-01  -1.84479671e-01]
 [  1.15738510e-01   1.30871861e-01]
 [  7.33264714e-02  -2.30029618e-02]
 [  2.00141781e-01  -1.35193445e-01]
 [  5.02479663e-02  -3.87545479e-02]
 [  1.16089701e-01  -9.53383882e-02]
 [ -8.96681548e-02   8.81978027e-02]
 [ -8.95477144e-02   1.18033580e-01]
 [  9.38727491e-02   5.34971323e-02]
 [ -2.99510547e-01   1.76572368e-01]
 [  1.54192097e-01   1.32788452e-01]
 [ -1.95810181e-02  -8.10809864e-02]
 [ -3.56760862e-03  -1.47298427e-02]
 [ -8.95953901e-02  -1.53674406e-02]
 [  1.26272435e-01   3.53337123e-02]
 [  4.77139297e-03  -1.05465134e-01]
 [  2.44729397e-02   6.53617000e-02]
 [ -1.54619098e-02   3.10002722e-02]
 [ -1.52298961e-01   2.35633657e-02]
 [ -3.62220142e-02   1.36779629e-01]
 [  5.92826353e-02  -1.64104831e-01]
 [  6.24638600e-02   1.12597048e-01]
 [ -1.25286771e-01  -7.36272998e-02]
 [ -1.22786725e-01  -4.98844468e-02]
 [ -6.07021124e-02   1.37541878e-01]
 [  4.02927330e-02   7.45423696e-02]
 [  1.23600363e-01   7.84116949e-02]
 [  4.33696650e-02  -1.18015440e-02]
 [ -5.41408289e-02  -7.81654144e-02]
 [  5.60857763e-02   1.07404305e-01]
 [  7.31959942e-02  -5.65884709e-02]
 [  8.62061350e-02   1.84138632e-03]
 [ -5.97726037e-02  -1.76053091e-01]
 [ -1.19891742e-02  -4.64071111e-02]
 [  6.81636972e-02   1.39979669e-02]
 [ -1.59060971e-03   8.69044563e-02]
 [  1.06852639e-03  -1.99579094e-01]
 [  6.93155900e-02  -8.81018406e-03]
 [  5.01752874e-02  -9.99471531e-02]
 [  9.69902655e-02   2.48357423e-02]
 [  1.91057783e-01   3.10829589e-02]
 [ -1.39840481e-01   1.23627380e-01]
 [ -6.67472232e-02  -1.26706834e-01]
 [ -5.82872338e-02   4.22490995e-02]
 [  2.46875638e-02  -1.38705666e-01]
 [  2.53946277e-02   1.17484370e-01]
 [  1.25337701e-01   1.10037009e-01]
 [ -7.47804371e-02   2.55331528e-02]
 [  7.18321225e-02   1.10470175e-02]
 [  1.65411379e-01  -4.95159154e-02]
 [  3.44030144e-02  -3.21706676e-02]
 [  1.44046050e-02  -8.38509451e-02]
 [ -1.24015060e-01   1.23621061e-01]
 [ -6.95258819e-02  -1.84680757e-02]
 [  1.57242531e-03  -3.02991629e-02]
 [ -9.89320355e-02  -9.41515515e-02]
 [ -8.58698271e-02   2.03983414e-01]]
precision_vec = [ 1.  1.]
precision_mat = [[ 1.  0.]
 [ 0.  1.]]
A=[[  2.00000000e+00   3.81639165e-17  -1.58014952e-01 ...,   1.57242531e-03
   -9.89320355e-02   8.58698271e-02]
 [  3.81639165e-17   2.00000000e+00  -2.08712013e-02 ...,  -3.02991629e-02
   -9.41515515e-02  -2.03983414e-01]
 [ -1.58014952e-01  -2.08712013e-02   1.00000000e+00 ...,   0.00000000e+00
    0.00000000e+00   0.00000000e+00]
 ..., 
 [  1.57242531e-03  -3.02991629e-02   0.00000000e+00 ...,   1.00000000e+00
    0.00000000e+00   0.00000000e+00]
 [ -9.89320355e-02  -9.41515515e-02   0.00000000e+00 ...,   0.00000000e+00
    1.00000000e+00   0.00000000e+00]
 [  8.58698271e-02  -2.03983414e-01   0.00000000e+00 ...,   0.00000000e+00
    0.00000000e+00   1.00000000e+00]]
sorted eigen values are 
[ 0.38196601  0.38196601  1.          1.          1.          1.          1.
  1.          1.          1.          1.          1.          1.          1.
  1.          1.          1.          1.          1.          1.          1.
  1.          1.          1.          1.          1.          1.          1.
  1.          1.          1.          1.          1.          1.          1.
  1.          1.          1.          1.          1.          1.          1.
  1.          1.          1.          1.          1.          1.          1.
  1.          1.          1.          1.          1.          1.          1.
  1.          1.          1.          1.          1.          1.          1.
  1.          1.          1.          1.          1.          1.          1.
  1.          1.          1.          1.          1.          1.          1.
  1.          1.          1.          1.          1.          1.          1.
  1.          1.          1.          1.          1.          1.          1.
  1.          1.          1.          1.          1.          1.          1.
  1.          1.          2.61803399  2.61803399]
The variational holder bound gives 125.301 for the initial pivot function
Warning: Maximum number of function evaluations has been exceeded.
optimized rho1 = 0.856, alpha_1 = 1.168
optimized upper bound = -61.155645 (initial = 125.300971)
w_moment = [ 0.83391073  0.82649984]
w_moment_1 = [ 0.81095498  0.86807449]
w_moment_2 = [ 0.97046963  0.57918102]
