Y=[ 1.  1. -1. -1. -1. -1. -1.  1.  1.  1.  1. -1.  1.  1.  1. -1. -1. -1.
  1.  1.  1. -1. -1. -1. -1. -1.  1. -1.  1.  1. -1.  1.  1. -1. -1. -1.
 -1. -1. -1. -1.  1. -1.  1. -1.  1.  1.  1.  1.  1.  1. -1.  1.  1. -1.
  1. -1. -1.  1.  1.  1.  1.  1.  1. -1.  1.  1. -1.  1.  1. -1.  1. -1.
  1.  1. -1.  1. -1.  1.  1.  1.  1.  1.  1.  1. -1. -1. -1. -1.  1. -1.
  1.  1.  1.  1. -1.  1. -1. -1. -1.  1.]
X=[[  1.63765526e-01   2.85194746e-02]
 [  1.65685179e-01   3.87173215e-02]
 [  4.41559098e-02  -1.75539565e-01]
 [ -6.29351261e-02   2.76224376e-02]
 [  1.82853449e-01  -1.44667515e-01]
 [ -3.85704807e-02   6.03399242e-02]
 [ -1.65673035e-01  -8.71832416e-02]
 [  9.33011450e-02  -1.60842713e-02]
 [ -6.83501716e-02  -8.96143540e-02]
 [  1.47311501e-01   1.60276900e-01]
 [  4.81143083e-02   1.08525473e-01]
 [ -1.06571476e-01   5.00799091e-03]
 [  9.85609686e-02  -6.60106924e-02]
 [ -1.43905380e-02  -5.40328929e-02]
 [  1.14410515e-01   4.87774925e-02]
 [ -3.52495237e-02  -1.50619446e-02]
 [  4.49260430e-02  -2.55978551e-01]
 [  7.88478019e-02  -2.45803962e-01]
 [ -2.80492121e-02  -4.53939585e-02]
 [  7.96683257e-02   1.17381409e-01]
 [ -8.20354361e-02   2.13380345e-01]
 [ -6.45827277e-02  -1.73279677e-01]
 [ -8.85282226e-02   3.95994322e-03]
 [ -5.30956986e-02  -1.33177788e-01]
 [ -8.09722589e-02  -3.67887528e-03]
 [ -1.60782762e-01   3.02445365e-02]
 [  6.81225317e-02   1.82920231e-02]
 [ -1.64035113e-01  -3.06912130e-02]
 [  5.68692126e-02  -1.04667517e-02]
 [ -3.80122430e-02  -2.83362484e-02]
 [ -1.68308448e-02  -5.27705810e-02]
 [  6.21607836e-02   1.74532553e-01]
 [  1.21649399e-01   5.03147288e-02]
 [ -8.39743256e-02   4.05344148e-02]
 [ -8.31821574e-02   3.78469907e-02]
 [ -7.78240402e-03  -1.06692311e-01]
 [ -1.58564019e-01  -1.09204568e-01]
 [ -1.43340668e-01   1.25899804e-02]
 [  3.02200786e-03   6.94544266e-02]
 [ -5.54224940e-02  -2.34829060e-02]
 [ -9.00654509e-02   1.73835010e-02]
 [ -2.30336452e-01  -2.23323388e-03]
 [  1.65476656e-02   1.38107262e-01]
 [ -1.95347137e-01  -1.75357975e-01]
 [  1.14389877e-01   1.30884604e-01]
 [  9.32040617e-02   1.74778679e-05]
 [  2.17950260e-01  -1.14545054e-01]
 [  7.43825154e-02  -1.11045151e-02]
 [  1.38971372e-01  -6.91131309e-02]
 [ -6.35910447e-02   1.18096785e-01]
 [ -1.24789030e-01   7.79747712e-02]
 [  1.03257529e-01   6.51445637e-02]
 [ -2.59574091e-01   2.21685832e-01]
 [  9.02566023e-02   6.14307855e-02]
 [  1.68616753e-02  -4.00421426e-02]
 [ -3.41287312e-02  -4.98161208e-02]
 [ -1.10519238e-01  -3.99372430e-02]
 [  1.34002093e-01   4.51564529e-02]
 [  4.11214644e-02  -6.45521531e-02]
 [  4.03041486e-02   8.40561559e-02]
 [  8.49777879e-03   5.85303821e-02]
 [ -1.12321007e-01   6.85665921e-02]
 [ -2.13019051e-02   1.54552397e-01]
 [  3.77566410e-02  -1.89482938e-01]
 [  6.90016111e-02   1.21197599e-01]
 [ -7.78861096e-02  -2.06224887e-02]
 [ -1.36315482e-01  -6.64190987e-02]
 [ -4.31408615e-02   1.58197690e-01]
 [  5.33793421e-02   9.02509851e-02]
 [  6.89014929e-02   1.70786534e-02]
 [  6.53775867e-02   1.35551042e-02]
 [ -7.22708949e-02  -9.97502039e-02]
 [  6.38900742e-02   1.17381756e-01]
 [  9.66913784e-02  -2.96540837e-02]
 [  4.38816060e-02  -4.60654110e-02]
 [ -8.67015002e-03  -1.19112637e-01]
 [ -3.82150142e-02  -7.67945092e-02]
 [  8.46458327e-02   3.33505682e-02]
 [  1.48283948e-02   1.06262268e-01]
 [  4.79276506e-02  -1.47293283e-01]
 [  8.81166133e-02   1.30498280e-02]
 [  8.08830777e-02  -6.51859648e-02]
 [  1.09103272e-01   3.94313450e-02]
 [  1.92037417e-01   3.35351018e-02]
 [ -1.70087873e-01   8.90241077e-02]
 [ -7.82672278e-02  -1.41127427e-01]
 [ -8.88749798e-02   7.19168329e-03]
 [  4.28458458e-03  -1.62832414e-01]
 [  3.55312442e-02   1.30017318e-01]
 [  6.70526087e-02   4.48224817e-02]
 [ -4.36361997e-02   6.08981780e-02]
 [  8.82228169e-02   3.02968300e-02]
 [  1.77890855e-01  -3.45959602e-02]
 [  5.95936341e-02  -3.36145666e-03]
 [ -1.07397868e-02  -1.13096222e-01]
 [ -9.79179907e-02   1.53577830e-01]
 [ -9.23494034e-02  -4.51141373e-02]
 [ -2.78900411e-02  -6.42023068e-02]
 [ -1.10364875e-01  -1.08443931e-01]
 [ -7.26374695e-02   2.19982654e-01]]
precision_vec = [ 1.  1.]
precision_mat = [[ 1.  0.]
 [ 0.  1.]]
A=[[  2.00000000e+00  -8.32667268e-17  -1.63765526e-01 ...,  -2.78900411e-02
   -1.10364875e-01   7.26374695e-02]
 [ -8.32667268e-17   2.00000000e+00  -2.85194746e-02 ...,  -6.42023068e-02
   -1.08443931e-01  -2.19982654e-01]
 [ -1.63765526e-01  -2.85194746e-02   1.00000000e+00 ...,   0.00000000e+00
    0.00000000e+00   0.00000000e+00]
 ..., 
 [ -2.78900411e-02  -6.42023068e-02   0.00000000e+00 ...,   1.00000000e+00
    0.00000000e+00   0.00000000e+00]
 [ -1.10364875e-01  -1.08443931e-01   0.00000000e+00 ...,   0.00000000e+00
    1.00000000e+00   0.00000000e+00]
 [  7.26374695e-02  -2.19982654e-01   0.00000000e+00 ...,   0.00000000e+00
    0.00000000e+00   1.00000000e+00]]
sorted eigen values are 
[ 0.38196601  0.38196601  1.          1.          1.          1.          1.
  1.          1.          1.          1.          1.          1.          1.
  1.          1.          1.          1.          1.          1.          1.
  1.          1.          1.          1.          1.          1.          1.
  1.          1.          1.          1.          1.          1.          1.
  1.          1.          1.          1.          1.          1.          1.
  1.          1.          1.          1.          1.          1.          1.
  1.          1.          1.          1.          1.          1.          1.
  1.          1.          1.          1.          1.          1.          1.
  1.          1.          1.          1.          1.          1.          1.
  1.          1.          1.          1.          1.          1.          1.
  1.          1.          1.          1.          1.          1.          1.
  1.          1.          1.          1.          1.          1.          1.
  1.          1.          1.          1.          1.          1.          1.
  1.          1.          2.61803399  2.61803399]
The variational holder bound gives 127.761 for the initial pivot function
Warning: Maximum number of function evaluations has been exceeded.
optimized rho1 = 0.814, alpha_1 = 1.229
optimized upper bound = -54.175386 (initial = 127.760518)
w_moment = [ 2.50580604  2.44274575]
w_moment_1 = [ 2.47262133  2.41733303]
w_moment_2 = [ 2.65076734  2.5537565 ]
