Y=[ 1.  1. -1. -1. -1. -1. -1.  1.  1.  1.  1. -1.  1.  1.  1. -1. -1. -1.
  1.  1.  1. -1. -1. -1. -1. -1.  1. -1.  1.  1. -1.  1.  1. -1. -1. -1.
 -1. -1. -1. -1.  1. -1.  1. -1.  1.  1.  1.  1.  1.  1. -1.  1.  1. -1.
  1. -1. -1.  1.  1.  1.  1.  1.  1. -1.  1.  1. -1.  1.  1. -1.  1. -1.
  1.  1. -1.  1. -1.  1.  1.  1.  1.  1.  1.  1. -1. -1. -1. -1.  1. -1.
  1.  1.  1.  1. -1.  1. -1. -1. -1.  1.]
X=[[ 0.15909548  0.02332244]
 [ 0.1593159   0.03158371]
 [ 0.03412285 -0.1871608 ]
 [-0.08639708  0.00071087]
 [ 0.14900225 -0.18344673]
 [-0.07004245  0.02429775]
 [-0.15860482 -0.07929237]
 [ 0.1047855  -0.00286445]
 [-0.02384252 -0.0387442 ]
 [ 0.12648473  0.13667048]
 [ 0.04848157  0.10908215]
 [-0.1207314  -0.01129843]
 [ 0.11630456 -0.04565881]
 [ 0.01754676 -0.01749349]
 [ 0.11383651  0.04825383]
 [-0.0566188  -0.03959204]
 [ 0.04606021 -0.25487434]
 [ 0.07378885 -0.25176103]
 [ 0.00459654 -0.00804565]
 [ 0.07436004  0.11146687]
 [-0.0780766   0.21804494]
 [-0.0596519  -0.16783624]
 [-0.1050768  -0.01507055]
 [-0.05540034 -0.13598083]
 [-0.09751188 -0.02270005]
 [-0.17086207  0.01859448]
 [ 0.07832649  0.03005571]
 [-0.16511578 -0.03208654]
 [ 0.07268579  0.00769407]
 [-0.00635747  0.00788396]
 [-0.03550266 -0.07422895]
 [ 0.05130167  0.16229465]
 [ 0.11984266  0.04838547]
 [-0.10628963  0.01493195]
 [-0.10523208  0.01254685]
 [-0.02016734 -0.12098757]
 [-0.14940799 -0.09893537]
 [-0.15339635  0.00096482]
 [-0.03557242  0.02529105]
 [-0.07277653 -0.04343511]
 [-0.05750454  0.05464236]
 [-0.22608909  0.00245069]
 [ 0.01720428  0.13899735]
 [-0.17174912 -0.14862722]
 [ 0.1023095   0.11724892]
 [ 0.10244501  0.01068086]
 [ 0.22571975 -0.10557302]
 [ 0.08782741  0.00435163]
 [ 0.15147111 -0.05474155]
 [-0.04886786  0.13502568]
 [-0.14661695  0.05293246]
 [ 0.10195658  0.06379381]
 [-0.23183058  0.2534748 ]
 [ 0.0405281   0.00456948]
 [ 0.04244607 -0.0107458 ]
 [-0.05078387 -0.06897439]
 [-0.11782425 -0.04843172]
 [ 0.13118253  0.04207159]
 [ 0.06673238 -0.03522841]
 [ 0.04519891  0.08977302]
 [ 0.02144023  0.07342165]
 [-0.08380713  0.10121626]
 [-0.0176316   0.15888113]
 [ 0.03057735 -0.19785144]
 [ 0.06465735  0.11638286]
 [-0.04170926  0.02075546]
 [-0.13628337 -0.0665496 ]
 [-0.03691258  0.16544389]
 [ 0.05556834  0.09288299]
 [ 0.02839097 -0.02927588]
 [ 0.07663127  0.02651533]
 [-0.07656659 -0.1048199 ]
 [ 0.060799    0.11399567]
 [ 0.10960145 -0.01480999]
 [ 0.01573819 -0.07832416]
 [ 0.03158577 -0.07309447]
 [-0.05051426 -0.09098856]
 [ 0.09041701  0.04006099]
 [ 0.02019045  0.11251461]
 [ 0.08418027 -0.10584365]
 [ 0.09624569  0.02244677]
 [ 0.10099528 -0.04213289]
 [ 0.11058517  0.04125108]
 [ 0.18269136  0.02300625]
 [-0.18709893  0.0694761 ]
 [-0.07592027 -0.13862683]
 [-0.10582783 -0.01229946]
 [-0.00192671 -0.17009393]
 [ 0.03465417  0.12915748]
 [ 0.02291294 -0.0056674 ]
 [-0.02369945  0.08376583]
 [ 0.09391939  0.03692181]
 [ 0.18008297 -0.03197491]
 [ 0.07403138  0.01322781]
 [-0.02181147 -0.12589463]
 [-0.08334448  0.17034016]
 [-0.10148209 -0.05569346]
 [-0.04340532 -0.08206237]
 [-0.10808873 -0.10602028]
 [-0.07092477  0.22208659]]
precision_vec = [ 1.  1.]
precision_mat = [[ 1.  0.]
 [ 0.  1.]]
A=[[  2.00000000e+00  -1.52655666e-16  -1.59095483e-01 ...,  -4.34053167e-02
   -1.08088725e-01   7.09247717e-02]
 [ -1.52655666e-16   2.00000000e+00  -2.33224413e-02 ...,  -8.20623737e-02
   -1.06020278e-01  -2.22086586e-01]
 [ -1.59095483e-01  -2.33224413e-02   1.00000000e+00 ...,   0.00000000e+00
    0.00000000e+00   0.00000000e+00]
 ..., 
 [ -4.34053167e-02  -8.20623737e-02   0.00000000e+00 ...,   1.00000000e+00
    0.00000000e+00   0.00000000e+00]
 [ -1.08088725e-01  -1.06020278e-01   0.00000000e+00 ...,   0.00000000e+00
    1.00000000e+00   0.00000000e+00]
 [  7.09247717e-02  -2.22086586e-01   0.00000000e+00 ...,   0.00000000e+00
    0.00000000e+00   1.00000000e+00]]
sorted eigen values are 
[ 0.38196601  0.38196601  1.          1.          1.          1.          1.
  1.          1.          1.          1.          1.          1.          1.
  1.          1.          1.          1.          1.          1.          1.
  1.          1.          1.          1.          1.          1.          1.
  1.          1.          1.          1.          1.          1.          1.
  1.          1.          1.          1.          1.          1.          1.
  1.          1.          1.          1.          1.          1.          1.
  1.          1.          1.          1.          1.          1.          1.
  1.          1.          1.          1.          1.          1.          1.
  1.          1.          1.          1.          1.          1.          1.
  1.          1.          1.          1.          1.          1.          1.
  1.          1.          1.          1.          1.          1.          1.
  1.          1.          1.          1.          1.          1.          1.
  1.          1.          1.          1.          1.          1.          1.
  1.          1.          2.61803399  2.61803399]
The variational holder bound gives 129.364 for the initial pivot function
Optimization terminated successfully.
         Current function value: -49.021571
         Iterations: 36
         Function evaluations: 118725
optimized rho1 = 0.786, alpha_1 = 1.273
optimized upper bound = -49.021571 (initial = 129.363538)
w_moment = [ 3.24852336  3.25429527]
w_moment_1 = [ 3.29555037  3.2917481 ]
w_moment_2 = [ 3.07595727  3.11686169]
