Y=[ 1.  1. -1. -1. -1. -1. -1.  1.  1.  1.  1. -1.  1.  1.  1. -1. -1. -1.
  1.  1.  1. -1. -1. -1. -1. -1.  1. -1.  1.  1. -1.  1.  1. -1. -1. -1.
 -1. -1. -1. -1.  1. -1.  1. -1.  1.  1.  1.  1.  1.  1. -1.  1.  1. -1.
  1. -1. -1.  1.  1.  1.  1.  1.  1. -1.  1.  1. -1.  1.  1. -1.  1. -1.
  1.  1. -1.  1. -1.  1.  1.  1.  1.  1.  1.  1. -1. -1. -1. -1.  1. -1.
  1.  1.  1.  1. -1.  1. -1. -1. -1.  1.]
X=[[ 0.13218251]
 [ 0.08390679]
 [-0.05096266]
 [-0.096922  ]
 [-0.07485908]
 [-0.14259077]
 [-0.10622243]
 [ 0.10463101]
 [ 0.16263186]
 [ 0.05789693]
 [ 0.08858799]
 [-0.06775567]
 [ 0.03474438]
 [ 0.06209267]
 [ 0.10392213]
 [-0.11822555]
 [-0.14397747]
 [-0.14956905]
 [ 0.13166313]
 [ 0.12698054]
 [ 0.09235129]
 [-0.07875535]
 [-0.12350906]
 [-0.08904799]
 [-0.08054491]
 [-0.13458904]
 [ 0.06202367]
 [-0.13543941]
 [ 0.11459048]
 [ 0.08852713]
 [-0.09769356]
 [ 0.09163272]
 [ 0.10628837]
 [-0.16928428]
 [-0.06488931]
 [-0.16445312]
 [-0.12701431]
 [-0.13315314]
 [-0.0797683 ]
 [-0.07446357]
 [ 0.04816035]
 [-0.04948207]
 [ 0.06886952]
 [-0.14648983]
 [ 0.06749332]
 [ 0.09567455]
 [ 0.07488041]
 [ 0.05162472]
 [ 0.06999252]
 [ 0.09345961]
 [-0.1427044 ]
 [ 0.10131802]
 [ 0.09597558]
 [-0.10788047]
 [ 0.03777268]
 [-0.1033666 ]
 [-0.09376205]
 [ 0.06638219]
 [ 0.05428823]
 [ 0.05638756]
 [ 0.09188153]
 [ 0.07989137]
 [ 0.10042716]
 [-0.05622335]
 [ 0.11736349]
 [ 0.08934744]
 [-0.11353875]
 [ 0.10802142]
 [ 0.07094179]
 [-0.07713681]
 [ 0.09295974]
 [-0.12193677]
 [ 0.0364614 ]
 [ 0.05507992]
 [-0.13693617]
 [ 0.09619803]
 [-0.07976624]
 [ 0.12135048]
 [ 0.07870103]
 [ 0.08797215]
 [ 0.0367759 ]
 [ 0.06935236]
 [ 0.01419353]
 [ 0.08755276]
 [-0.10248854]
 [-0.07027645]
 [-0.16442321]
 [-0.15277216]
 [ 0.11809386]
 [-0.06849226]
 [ 0.10457437]
 [ 0.07141942]
 [ 0.14632931]
 [ 0.03868963]
 [-0.08723951]
 [ 0.0669192 ]
 [-0.06556447]
 [-0.1338918 ]
 [-0.13331537]
 [ 0.10394719]]
precision_vec = [ 1.]
precision_mat = [[ 1.]]
A=[[ 2.         -0.13218251 -0.08390679 ..., -0.1338918  -0.13331537
  -0.10394719]
 [-0.13218251  1.          0.         ...,  0.          0.          0.        ]
 [-0.08390679  0.          1.         ...,  0.          0.          0.        ]
 ..., 
 [-0.1338918   0.          0.         ...,  1.          0.          0.        ]
 [-0.13331537  0.          0.         ...,  0.          1.          0.        ]
 [-0.10394719  0.          0.         ...,  0.          0.          1.        ]]
sorted eigen values are 
[ 0.38196601  1.          1.          1.          1.          1.          1.
  1.          1.          1.          1.          1.          1.          1.
  1.          1.          1.          1.          1.          1.          1.
  1.          1.          1.          1.          1.          1.          1.
  1.          1.          1.          1.          1.          1.          1.
  1.          1.          1.          1.          1.          1.          1.
  1.          1.          1.          1.          1.          1.          1.
  1.          1.          1.          1.          1.          1.          1.
  1.          1.          1.          1.          1.          1.          1.
  1.          1.          1.          1.          1.          1.          1.
  1.          1.          1.          1.          1.          1.          1.
  1.          1.          1.          1.          1.          1.          1.
  1.          1.          1.          1.          1.          1.          1.
  1.          1.          1.          1.          1.          1.          1.
  1.          1.          2.61803399]
The variational holder bound gives 141.228 for the initial pivot function
Optimization terminated successfully.
         Current function value: -46.504412
         Iterations: 18
         Function evaluations: 56670
optimized rho1 = 0.781, alpha_1 = 1.281
optimized upper bound = -46.504412 (initial = 141.228457)
w_moment = [ 4.80729736]
w_moment_1 = [ 4.77428876]
w_moment_2 = [ 4.92494461]
