Y=[ 1.  1. -1. -1. -1. -1. -1.  1.  1.  1.  1. -1.  1.  1.  1. -1. -1. -1.
  1.  1.  1. -1. -1. -1. -1. -1.  1. -1.  1.  1. -1.  1.  1. -1. -1. -1.
 -1. -1. -1. -1.  1. -1.  1. -1.  1.  1.  1.  1.  1.  1. -1.  1.  1. -1.
  1. -1. -1.  1.  1.  1.  1.  1.  1. -1.  1.  1. -1.  1.  1. -1.  1. -1.
  1.  1. -1.  1. -1.  1.  1.  1.  1.  1.  1.  1. -1. -1. -1. -1.  1. -1.
  1.  1.  1.  1. -1.  1. -1. -1. -1.  1.]
X=[[ 0.17334972]
 [ 0.02868595]
 [ 0.13078505]
 [-0.00693742]
 [ 0.05917668]
 [-0.14378915]
 [-0.03480722]
 [ 0.09078847]
 [ 0.26459469]
 [-0.04925561]
 [ 0.0427137 ]
 [ 0.08046287]
 [-0.11863489]
 [-0.03668259]
 [ 0.08866422]
 [-0.07077595]
 [-0.14794454]
 [-0.16470038]
 [ 0.17179332]
 [ 0.15776142]
 [ 0.05399086]
 [ 0.04750106]
 [-0.08660862]
 [ 0.01665797]
 [ 0.04213843]
 [-0.11981105]
 [-0.03688934]
 [-0.12235927]
 [ 0.12063317]
 [ 0.04253132]
 [-0.00924948]
 [ 0.05183758]
 [ 0.09575493]
 [-0.22377932]
 [ 0.08905224]
 [-0.2093022 ]
 [-0.0971125 ]
 [-0.1155082 ]
 [ 0.04446565]
 [ 0.06036186]
 [-0.07843239]
 [ 0.13522182]
 [-0.01637498]
 [-0.15547313]
 [-0.02049891]
 [ 0.0639494 ]
 [ 0.00163736]
 [-0.068051  ]
 [-0.01300976]
 [ 0.05731207]
 [-0.14412966]
 [ 0.08086071]
 [ 0.06485146]
 [-0.03977573]
 [-0.10956023]
 [-0.02624939]
 [ 0.00253176]
 [-0.02382854]
 [-0.06006949]
 [-0.0537786 ]
 [ 0.05258319]
 [ 0.01665329]
 [ 0.07819114]
 [ 0.11502078]
 [ 0.12894282]
 [ 0.04498947]
 [-0.05673141]
 [ 0.10094823]
 [-0.01016518]
 [ 0.05235119]
 [ 0.05581416]
 [-0.08189707]
 [-0.11348964]
 [-0.0576971 ]
 [-0.1268445 ]
 [ 0.06551807]
 [ 0.0444718 ]
 [ 0.14089029]
 [ 0.01308628]
 [ 0.04086825]
 [-0.1125472 ]
 [-0.01492808]
 [-0.18021787]
 [ 0.03961152]
 [-0.0236182 ]
 [ 0.07290906]
 [-0.20921259]
 [-0.17429886]
 [ 0.13113145]
 [ 0.07825559]
 [ 0.09061874]
 [-0.00873391]
 [ 0.21574224]
 [-0.1068125 ]
 [ 0.0220773 ]
 [-0.02221933]
 [ 0.08702906]
 [-0.11772169]
 [-0.11599434]
 [ 0.08873933]]
precision_vec = [ 1.]
precision_mat = [[ 1.]]
A=[[ 2.         -0.17334972 -0.02868595 ..., -0.11772169 -0.11599434
  -0.08873933]
 [-0.17334972  1.          0.         ...,  0.          0.          0.        ]
 [-0.02868595  0.          1.         ...,  0.          0.          0.        ]
 ..., 
 [-0.11772169  0.          0.         ...,  1.          0.          0.        ]
 [-0.11599434  0.          0.         ...,  0.          1.          0.        ]
 [-0.08873933  0.          0.         ...,  0.          0.          1.        ]]
sorted eigen values are 
[ 0.38196601  1.          1.          1.          1.          1.          1.
  1.          1.          1.          1.          1.          1.          1.
  1.          1.          1.          1.          1.          1.          1.
  1.          1.          1.          1.          1.          1.          1.
  1.          1.          1.          1.          1.          1.          1.
  1.          1.          1.          1.          1.          1.          1.
  1.          1.          1.          1.          1.          1.          1.
  1.          1.          1.          1.          1.          1.          1.
  1.          1.          1.          1.          1.          1.          1.
  1.          1.          1.          1.          1.          1.          1.
  1.          1.          1.          1.          1.          1.          1.
  1.          1.          1.          1.          1.          1.          1.
  1.          1.          1.          1.          1.          1.          1.
  1.          1.          1.          1.          1.          1.          1.
  1.          1.          2.61803399]
The variational holder bound gives 141.637 for the initial pivot function
Warning: Maximum number of function evaluations has been exceeded.
optimized rho1 = 0.868, alpha_1 = 1.152
optimized upper bound = -60.761672 (initial = 141.637029)
w_moment = [-1.48175831]
w_moment_1 = [-1.89569762]
w_moment_2 = [ 1.23684404]
