Y=[ 1.  1. -1. -1. -1. -1. -1.  1.  1.  1.  1. -1.  1.  1.  1. -1. -1. -1.
  1.  1.  1. -1. -1. -1. -1. -1.  1. -1.  1.  1. -1.  1.  1. -1. -1. -1.
 -1. -1. -1. -1.  1. -1.  1. -1.  1.  1.  1.  1.  1.  1. -1.  1.  1. -1.
  1. -1. -1.  1.  1.  1.  1.  1.  1. -1.  1.  1. -1.  1.  1. -1.  1. -1.
  1.  1. -1.  1. -1.  1.  1.  1.  1.  1.  1.  1. -1. -1. -1. -1.  1. -1.
  1.  1.  1.  1. -1.  1. -1. -1. -1.  1.]
X=[[ 0.16878342]
 [ 0.06448243]
 [ 0.03854892]
 [-0.06074747]
 [-0.01307994]
 [-0.15941607]
 [-0.0808413 ]
 [ 0.10925766]
 [ 0.23457005]
 [ 0.00828742]
 [ 0.07459628]
 [ 0.00226718]
 [-0.04173429]
 [ 0.01735242]
 [ 0.10772611]
 [-0.10677436]
 [-0.16241207]
 [-0.17449284]
 [ 0.16766127]
 [ 0.15754443]
 [ 0.08272699]
 [-0.02149793]
 [-0.11818954]
 [-0.04373546]
 [-0.02536433]
 [-0.14212813]
 [ 0.01720336]
 [-0.14396537]
 [ 0.13077537]
 [ 0.07446479]
 [-0.06241444]
 [ 0.0811745 ]
 [ 0.11283843]
 [-0.21708811]
 [ 0.00846002]
 [-0.20665027]
 [-0.12576272]
 [-0.13902582]
 [-0.02368643]
 [-0.01222543]
 [-0.01274873]
 [ 0.04174778]
 [ 0.03199399]
 [-0.1678401 ]
 [ 0.02902068]
 [ 0.08990699]
 [ 0.04498069]
 [-0.00526386]
 [ 0.03442028]
 [ 0.08512155]
 [-0.15966158]
 [ 0.10209986]
 [ 0.09055736]
 [-0.08442354]
 [-0.03519156]
 [-0.07467119]
 [-0.0539203 ]
 [ 0.02662005]
 [ 0.00049072]
 [ 0.00502639]
 [ 0.08171207]
 [ 0.05580701]
 [ 0.10017513]
 [ 0.02718306]
 [ 0.13676653]
 [ 0.07623709]
 [-0.0966484 ]
 [ 0.11658274]
 [ 0.03647119]
 [-0.01800103]
 [ 0.08404157]
 [-0.11479256]
 [-0.03802462]
 [ 0.00220119]
 [-0.14719917]
 [ 0.09103799]
 [-0.02368199]
 [ 0.14538053]
 [ 0.05323524]
 [ 0.07326573]
 [-0.03734513]
 [ 0.03303719]
 [-0.08613495]
 [ 0.07235965]
 [-0.07277414]
 [-0.00317904]
 [-0.20658566]
 [-0.18141324]
 [ 0.13834451]
 [ 0.00067575]
 [ 0.10913529]
 [ 0.03750312]
 [ 0.19934797]
 [-0.03321047]
 [-0.03982818]
 [ 0.02778028]
 [ 0.00700133]
 [-0.14062172]
 [-0.13937632]
 [ 0.10778025]]
precision_vec = [ 1.]
precision_mat = [[ 1.]]
A=[[ 2.         -0.16878342 -0.06448243 ..., -0.14062172 -0.13937632
  -0.10778025]
 [-0.16878342  1.          0.         ...,  0.          0.          0.        ]
 [-0.06448243  0.          1.         ...,  0.          0.          0.        ]
 ..., 
 [-0.14062172  0.          0.         ...,  1.          0.          0.        ]
 [-0.13937632  0.          0.         ...,  0.          1.          0.        ]
 [-0.10778025  0.          0.         ...,  0.          0.          1.        ]]
sorted eigen values are 
[ 0.38196601  1.          1.          1.          1.          1.          1.
  1.          1.          1.          1.          1.          1.          1.
  1.          1.          1.          1.          1.          1.          1.
  1.          1.          1.          1.          1.          1.          1.
  1.          1.          1.          1.          1.          1.          1.
  1.          1.          1.          1.          1.          1.          1.
  1.          1.          1.          1.          1.          1.          1.
  1.          1.          1.          1.          1.          1.          1.
  1.          1.          1.          1.          1.          1.          1.
  1.          1.          1.          1.          1.          1.          1.
  1.          1.          1.          1.          1.          1.          1.
  1.          1.          1.          1.          1.          1.          1.
  1.          1.          1.          1.          1.          1.          1.
  1.          1.          1.          1.          1.          1.          1.
  1.          1.          2.61803399]
The variational holder bound gives 141.342 for the initial pivot function
Optimization terminated successfully.
         Current function value: -53.853615
         Iterations: 17
         Function evaluations: 52655
optimized rho1 = 0.834, alpha_1 = 1.198
optimized upper bound = -53.853615 (initial = 141.342280)
w_moment = [ 3.97025507]
w_moment_1 = [ 4.0517743]
w_moment_2 = [ 3.55950088]
