Y=[ 1.  1. -1. -1. -1. -1. -1.  1.  1.  1.  1. -1.  1.  1.  1. -1. -1. -1.
  1.  1.  1. -1. -1. -1. -1. -1.  1. -1.  1.  1. -1.  1.  1. -1. -1. -1.
 -1. -1. -1. -1.  1. -1.  1. -1.  1.  1.  1.  1.  1.  1. -1.  1.  1. -1.
  1. -1. -1.  1.  1.  1.  1.  1.  1. -1.  1.  1. -1.  1.  1. -1.  1. -1.
  1.  1. -1.  1. -1.  1.  1.  1.  1.  1.  1.  1. -1. -1. -1. -1.  1. -1.
  1.  1.  1.  1. -1.  1. -1. -1. -1.  1.]
X=[[  1.76472378e-01]
 [  4.46067218e-02]
 [  9.57220463e-02]
 [ -2.98163888e-02]
 [  3.04487220e-02]
 [ -1.54561120e-01]
 [ -5.52206063e-02]
 [  1.01215152e-01]
 [  2.59645091e-01]
 [ -2.64395037e-02]
 [  5.73934672e-02]
 [  4.98517741e-02]
 [ -8.96809427e-02]
 [ -1.49787996e-02]
 [  9.92788357e-02]
 [ -8.80072524e-02]
 [ -1.58348896e-01]
 [ -1.73622379e-01]
 [  1.75053667e-01]
 [  1.62263145e-01]
 [  6.76729566e-02]
 [  1.98060247e-02]
 [ -1.02439237e-01]
 [ -8.30844250e-03]
 [  1.49178134e-02]
 [ -1.32704317e-01]
 [ -1.51672521e-02]
 [ -1.35027104e-01]
 [  1.28419555e-01]
 [  5.72272177e-02]
 [ -3.19239073e-02]
 [  6.57101692e-02]
 [  1.05742245e-01]
 [ -2.27474725e-01]
 [  5.76812522e-02]
 [ -2.14278366e-01]
 [ -1.12013862e-01]
 [ -1.28782129e-01]
 [  1.70391486e-02]
 [  3.15290551e-02]
 [ -5.30350752e-02]
 [  9.97663067e-02]
 [  3.53224282e-03]
 [ -1.65211449e-01]
 [ -2.26857546e-04]
 [  7.67504872e-02]
 [  1.99510669e-02]
 [ -4.35721071e-02]
 [  6.59974932e-03]
 [  7.07003490e-02]
 [ -1.54871512e-01]
 [  9.21656865e-02]
 [  7.75727409e-02]
 [ -5.97495634e-02]
 [ -8.14091009e-02]
 [ -4.74198660e-02]
 [ -2.11849316e-02]
 [ -3.26191853e-03]
 [ -3.62967075e-02]
 [ -3.05623592e-02]
 [  6.63898154e-02]
 [  3.36385645e-02]
 [  8.97322886e-02]
 [  8.13524145e-02]
 [  1.35994064e-01]
 [  5.94679036e-02]
 [ -7.52052044e-02]
 [  1.10476099e-01]
 [  9.19267596e-03]
 [  2.42270775e-02]
 [  6.93349556e-02]
 [ -9.81445077e-02]
 [ -8.49908823e-02]
 [ -3.41341961e-02]
 [ -1.39115533e-01]
 [  7.81803804e-02]
 [  1.70447569e-02]
 [  1.46884564e-01]
 [  3.03871251e-02]
 [  5.57112808e-02]
 [ -8.41318164e-02]
 [  4.85113255e-03]
 [ -1.45815801e-01]
 [  5.45657309e-02]
 [ -4.50214578e-02]
 [  4.29662309e-02]
 [ -2.14196680e-01]
 [ -1.82371703e-01]
 [  1.37989073e-01]
 [  4.78397591e-02]
 [  1.01060440e-01]
 [  1.04973228e-02]
 [  2.15114515e-01]
 [ -7.89044529e-02]
 [ -3.36854536e-03]
 [ -1.79507136e-03]
 [  5.58370614e-02]
 [ -1.30799803e-01]
 [ -1.29225262e-01]
 [  9.93472946e-02]]
precision_vec = [ 1.]
precision_mat = [[ 1.]]
A=[[ 2.         -0.17647238 -0.04460672 ..., -0.1307998  -0.12922526
  -0.09934729]
 [-0.17647238  1.          0.         ...,  0.          0.          0.        ]
 [-0.04460672  0.          1.         ...,  0.          0.          0.        ]
 ..., 
 [-0.1307998   0.          0.         ...,  1.          0.          0.        ]
 [-0.12922526  0.          0.         ...,  0.          1.          0.        ]
 [-0.09934729  0.          0.         ...,  0.          0.          1.        ]]
sorted eigen values are 
[ 0.38196601  1.          1.          1.          1.          1.          1.
  1.          1.          1.          1.          1.          1.          1.
  1.          1.          1.          1.          1.          1.          1.
  1.          1.          1.          1.          1.          1.          1.
  1.          1.          1.          1.          1.          1.          1.
  1.          1.          1.          1.          1.          1.          1.
  1.          1.          1.          1.          1.          1.          1.
  1.          1.          1.          1.          1.          1.          1.
  1.          1.          1.          1.          1.          1.          1.
  1.          1.          1.          1.          1.          1.          1.
  1.          1.          1.          1.          1.          1.          1.
  1.          1.          1.          1.          1.          1.          1.
  1.          1.          1.          1.          1.          1.          1.
  1.          1.          1.          1.          1.          1.          1.
  1.          1.          2.61803399]
The variational holder bound gives 141.493 for the initial pivot function
Optimization terminated successfully.
         Current function value: -59.263031
         Iterations: 26
         Function evaluations: 82191
optimized rho1 = 0.869, alpha_1 = 1.151
optimized upper bound = -59.263031 (initial = 141.492974)
w_moment = [ 2.09951433]
w_moment_1 = [ 2.03241092]
w_moment_2 = [ 2.54306055]
