Y=[ 1.  1. -1. -1. -1. -1. -1.  1.  1.  1.  1. -1.  1.  1.  1. -1. -1. -1.
  1.  1.  1. -1. -1. -1. -1. -1.  1. -1.  1.  1. -1.  1.  1. -1. -1. -1.
 -1. -1. -1. -1.  1. -1.  1. -1.  1.  1.  1.  1.  1.  1. -1.  1.  1. -1.
  1. -1. -1.  1.  1.  1.  1.  1.  1. -1.  1.  1. -1.  1.  1. -1.  1. -1.
  1.  1. -1.  1. -1.  1.  1.  1.  1.  1.  1.  1. -1. -1. -1. -1.  1. -1.
  1.  1.  1.  1. -1.  1. -1. -1. -1.  1.]
X=[[ 0.10368335]
 [ 0.08810947]
 [-0.09412912]
 [-0.10895573]
 [-0.10183817]
 [-0.1236886 ]
 [-0.11195607]
 [ 0.09479516]
 [ 0.11350639]
 [ 0.07971861]
 [ 0.08961963]
 [-0.09954659]
 [ 0.07224954]
 [ 0.08107217]
 [ 0.09456647]
 [-0.11582831]
 [-0.12413595]
 [-0.12593981]
 [ 0.10351579]
 [ 0.10200518]
 [ 0.09083368]
 [-0.10309511]
 [-0.11753279]
 [-0.10641555]
 [-0.10367243]
 [-0.12110722]
 [ 0.08104991]
 [-0.12138155]
 [ 0.09800811]
 [ 0.0896    ]
 [-0.10920463]
 [ 0.09060187]
 [ 0.09532982]
 [-0.1323    ]
 [-0.09862189]
 [-0.13074145]
 [-0.11866359]
 [-0.12064399]
 [-0.10342189]
 [-0.10171058]
 [ 0.07657756]
 [-0.09365147]
 [ 0.0832584 ]
 [-0.12494644]
 [ 0.08281443]
 [ 0.09190578]
 [ 0.08519753]
 [ 0.07769518]
 [ 0.08362068]
 [ 0.09119123]
 [-0.12372526]
 [ 0.09372638]
 [ 0.09200289]
 [-0.11249096]
 [ 0.07322647]
 [-0.11103477]
 [-0.10793632]
 [ 0.08245598]
 [ 0.07855443]
 [ 0.07923169]
 [ 0.09068214]
 [ 0.08681408]
 [ 0.09343898]
 [-0.09582623]
 [ 0.09890269]
 [ 0.08986463]
 [-0.11431633]
 [ 0.09588891]
 [ 0.08392692]
 [-0.10257297]
 [ 0.09102997]
 [-0.11702556]
 [ 0.07280345]
 [ 0.07880984]
 [-0.12186441]
 [ 0.09207465]
 [-0.10342123]
 [ 0.1001889 ]
 [ 0.08643007]
 [ 0.08942096]
 [ 0.07290491]
 [ 0.08341417]
 [ 0.06561978]
 [ 0.08928567]
 [-0.11075151]
 [-0.1003598 ]
 [-0.1307318 ]
 [-0.12697314]
 [ 0.09913831]
 [-0.09978421]
 [ 0.09477688]
 [ 0.084081  ]
 [ 0.10824714]
 [ 0.07352228]
 [-0.10583213]
 [ 0.08262922]
 [-0.0988397 ]
 [-0.12088229]
 [-0.12069633]
 [ 0.09457455]]
precision_vec = [ 1.]
precision_mat = [[ 1.]]
A=[[ 2.         -0.10368335 -0.08810947 ..., -0.12088229 -0.12069633
  -0.09457455]
 [-0.10368335  1.          0.         ...,  0.          0.          0.        ]
 [-0.08810947  0.          1.         ...,  0.          0.          0.        ]
 ..., 
 [-0.12088229  0.          0.         ...,  1.          0.          0.        ]
 [-0.12069633  0.          0.         ...,  0.          1.          0.        ]
 [-0.09457455  0.          0.         ...,  0.          0.          1.        ]]
sorted eigen values are 
[ 0.38196601  1.          1.          1.          1.          1.          1.
  1.          1.          1.          1.          1.          1.          1.
  1.          1.          1.          1.          1.          1.          1.
  1.          1.          1.          1.          1.          1.          1.
  1.          1.          1.          1.          1.          1.          1.
  1.          1.          1.          1.          1.          1.          1.
  1.          1.          1.          1.          1.          1.          1.
  1.          1.          1.          1.          1.          1.          1.
  1.          1.          1.          1.          1.          1.          1.
  1.          1.          1.          1.          1.          1.          1.
  1.          1.          1.          1.          1.          1.          1.
  1.          1.          1.          1.          1.          1.          1.
  1.          1.          1.          1.          1.          1.          1.
  1.          1.          1.          1.          1.          1.          1.
  1.          1.          2.61803399]
The variational holder bound gives 141.205 for the initial pivot function
Optimization terminated successfully.
         Current function value: -44.803243
         Iterations: 19
         Function evaluations: 61499
optimized rho1 = 0.769, alpha_1 = 1.300
optimized upper bound = -44.803243 (initial = 141.205238)
w_moment = [ 4.9729863]
w_moment_1 = [ 4.93480188]
w_moment_2 = [ 5.10034168]
